<?xml version="1.0" encoding="UTF-8"?>
<testsuite xmlns:xsi="http://www.w3.org/2001/XMLSchema-instance" xsi:noNamespaceSchemaLocation="https://maven.apache.org/surefire/maven-surefire-plugin/xsd/surefire-test-report.xsd" name="scooter.CreatingCourierTest" time="3.006" tests="5" errors="0" skipped="0" failures="0">
  <properties>
[...]
</properties>
  <testcase name="creatingCourierWithoutPassword" classname="scooter.CreatingCourierTest" time="1.057"/>
  <testcase name="identicalCourierCreation" classname="scooter.CreatingCourierTest" time="0.72"/>
  <testcase name="creatingCourierWithoutName" classname="scooter.CreatingCourierTest" time="0.466"/>
  <testcase name="creatingCourierWithoutLogin" classname="scooter.CreatingCourierTest" time="0.296"/>
  <testcase name="courierCanBeCreated" classname="scooter.CreatingCourierTest" time="0.443"/>
</testsuite>