<?xml version="1.0" encoding="UTF-8"?>
<testsuite xmlns:xsi="http://www.w3.org/2001/XMLSchema-instance" xsi:noNamespaceSchemaLocation="https://maven.apache.org/surefire/maven-surefire-plugin/xsd/surefire-test-report.xsd" name="scooter.LoginCourierTest" time="1.913" tests="5" errors="5" skipped="0" failures="0">
  <properties>
[...]
</properties>
  <testcase name="courierAuthorizationWithoutPassword" classname="scooter.LoginCourierTest" time="0.417">
    <error type="java.lang.NullPointerException">java.lang.NullPointerException
	at scooter.LoginCourierTest.setUp(LoginCourierTest.java:26)
</error>
    <system-out><![CDATA[Request method:	POST
Request URI:	http://qa-scooter.praktikum-services.ru/api/v1/courier
Proxy:			<none>
Request params:	<none>
Query params:	<none>
Form params:	<none>
Path params:	<none>
Headers:		Accept=*/*
				Content-Type=application/json
Cookies:		<none>
Multiparts:		<none>
Body:
{
    "login": "IQShuZLiaq",
    "password": "hJxHQgEMHN",
    "firstName": "HFxToGvScD"
}
HTTP/1.1 201 Created
Access-Control-Allow-Origin: *
Content-Length: 11
Content-Type: application/json; charset=utf-8
Date: Sun, 30 Apr 2023 08:13:23 GMT
ETag: W/"b-Ai2R8hgEarLmHKwesT1qcY913ys"
Set-Cookie: _yasc=3Wt0IbB0dgvvUKQD9uNEl9YyNyx2o/4RJ1niGNEmC7PaY0jz/mkAHb+rspk=; domain=.praktikum-services.ru; path=/; expires=Wed, 27-Apr-2033 08:13:23 GMT; secure
X-Powered-By: Express
X-Request-Id: 1682842403929315-6401030336772994569

{
    "ok": true
}
Request method:	DELETE
Request URI:	http://qa-scooter.praktikum-services.ru/api/v1/courier/null
Proxy:			<none>
Request params:	<none>
Query params:	<none>
Form params:	<none>
Path params:	<none>
Headers:		Accept=*/*
				Content-Type=application/json
Cookies:		<none>
Multiparts:		<none>
Body:			<none>
HTTP/1.1 500 Internal Server Error
Access-Control-Allow-Origin: *
Content-Length: 72
Content-Type: application/json; charset=utf-8
Date: Sun, 30 Apr 2023 08:13:24 GMT
ETag: W/"48-76hGKQr04QkaloN76ZVge2UscW4"
Set-Cookie: _yasc=8jC943JCifrNXSjF+DiIv9c7Y8wTx6/MlMkRfzrb+3OZVabobnYm89UAtsbK; domain=.praktikum-services.ru; path=/; expires=Wed, 27-Apr-2033 08:13:24 GMT; secure
X-Powered-By: Express
X-Request-Id: 1682842404238085-6404154691190529173

{
    "code": 500,
    "message": "invalid input syntax for type integer: \"null\""
}
]]></system-out>
  </testcase>
  <testcase name="courierAuthorizationWithInvalidPassword" classname="scooter.LoginCourierTest" time="0.37">
    <error type="java.lang.NullPointerException">java.lang.NullPointerException
	at scooter.LoginCourierTest.setUp(LoginCourierTest.java:26)
</error>
    <system-out><![CDATA[Request method:	POST
Request URI:	http://qa-scooter.praktikum-services.ru/api/v1/courier
Proxy:			<none>
Request params:	<none>
Query params:	<none>
Form params:	<none>
Path params:	<none>
Headers:		Accept=*/*
				Content-Type=application/json
Cookies:		<none>
Multiparts:		<none>
Body:
{
    "login": "ReuysgRKMS",
    "password": "RyVNsLGzjx",
    "firstName": "mjTDWckJlM"
}
HTTP/1.1 201 Created
Access-Control-Allow-Origin: *
Content-Length: 11
Content-Type: application/json; charset=utf-8
Date: Sun, 30 Apr 2023 08:13:24 GMT
ETag: W/"b-Ai2R8hgEarLmHKwesT1qcY913ys"
Set-Cookie: _yasc=jonLj3vUQQ/Jg7fH90h/vFuc/G6onUH61LNalvucTXvXEZ5KU0gecarFeCXx; domain=.praktikum-services.ru; path=/; expires=Wed, 27-Apr-2033 08:13:24 GMT; secure
X-Powered-By: Express
X-Request-Id: 1682842404374729-11018926647113176047

{
    "ok": true
}
Request method:	DELETE
Request URI:	http://qa-scooter.praktikum-services.ru/api/v1/courier/null
Proxy:			<none>
Request params:	<none>
Query params:	<none>
Form params:	<none>
Path params:	<none>
Headers:		Accept=*/*
				Content-Type=application/json
Cookies:		<none>
Multiparts:		<none>
Body:			<none>
HTTP/1.1 500 Internal Server Error
Access-Control-Allow-Origin: *
Content-Length: 72
Content-Type: application/json; charset=utf-8
Date: Sun, 30 Apr 2023 08:13:24 GMT
ETag: W/"48-76hGKQr04QkaloN76ZVge2UscW4"
Set-Cookie: _yasc=tUxyOuPiia4jIa+6GfJKV1TTqOuUeIxFDIb/J0VDzqum757eCOlrSKR6k0Q=; domain=.praktikum-services.ru; path=/; expires=Wed, 27-Apr-2033 08:13:24 GMT; secure
X-Powered-By: Express
X-Request-Id: 1682842404620891-4843830318466409809

{
    "code": 500,
    "message": "invalid input syntax for type integer: \"null\""
}
]]></system-out>
  </testcase>
  <testcase name="courierAuthorizationWithoutLogin" classname="scooter.LoginCourierTest" time="0.402">
    <error type="java.lang.NullPointerException">java.lang.NullPointerException
	at scooter.LoginCourierTest.setUp(LoginCourierTest.java:26)
</error>
    <system-out><![CDATA[Request method:	POST
Request URI:	http://qa-scooter.praktikum-services.ru/api/v1/courier
Proxy:			<none>
Request params:	<none>
Query params:	<none>
Form params:	<none>
Path params:	<none>
Headers:		Accept=*/*
				Content-Type=application/json
Cookies:		<none>
Multiparts:		<none>
Body:
{
    "login": "DjEJafIlbD",
    "password": "PrZocoSNcR",
    "firstName": "IqsQZbERnU"
}
HTTP/1.1 201 Created
Access-Control-Allow-Origin: *
Content-Length: 11
Content-Type: application/json; charset=utf-8
Date: Sun, 30 Apr 2023 08:13:24 GMT
ETag: W/"b-Ai2R8hgEarLmHKwesT1qcY913ys"
Set-Cookie: _yasc=izGLQecsXP3Du84FNd7PFAJcM79qZDI2i4eciQ0sgpAK3ezzi6bSmT9V7rc=; domain=.praktikum-services.ru; path=/; expires=Wed, 27-Apr-2033 08:13:24 GMT; secure
X-Powered-By: Express
X-Request-Id: 1682842404725302-9886097446485374052

{
    "ok": true
}
Request method:	DELETE
Request URI:	http://qa-scooter.praktikum-services.ru/api/v1/courier/null
Proxy:			<none>
Request params:	<none>
Query params:	<none>
Form params:	<none>
Path params:	<none>
Headers:		Accept=*/*
				Content-Type=application/json
Cookies:		<none>
Multiparts:		<none>
Body:			<none>
HTTP/1.1 500 Internal Server Error
Access-Control-Allow-Origin: *
Content-Length: 72
Content-Type: application/json; charset=utf-8
Date: Sun, 30 Apr 2023 08:13:25 GMT
ETag: W/"48-76hGKQr04QkaloN76ZVge2UscW4"
Set-Cookie: _yasc=sf/xeHE3tp5G8KxBbQ25C9jt25XE38UB79NiUe7Dzl15codrjO8+f9ug2dOX; domain=.praktikum-services.ru; path=/; expires=Wed, 27-Apr-2033 08:13:25 GMT; secure
X-Powered-By: Express
X-Request-Id: 1682842404983826-3439290036684218298

{
    "code": 500,
    "message": "invalid input syntax for type integer: \"null\""
}
]]></system-out>
  </testcase>
  <testcase name="courierAuthorizationSystem" classname="scooter.LoginCourierTest" time="0.347">
    <error type="java.lang.NullPointerException">java.lang.NullPointerException
	at scooter.LoginCourierTest.setUp(LoginCourierTest.java:26)
</error>
    <system-out><![CDATA[Request method:	POST
Request URI:	http://qa-scooter.praktikum-services.ru/api/v1/courier
Proxy:			<none>
Request params:	<none>
Query params:	<none>
Form params:	<none>
Path params:	<none>
Headers:		Accept=*/*
				Content-Type=application/json
Cookies:		<none>
Multiparts:		<none>
Body:
{
    "login": "jSjyelayFn",
    "password": "fFTEEoHmwA",
    "firstName": "mdUiPSuPWk"
}
HTTP/1.1 201 Created
Access-Control-Allow-Origin: *
Content-Length: 11
Content-Type: application/json; charset=utf-8
Date: Sun, 30 Apr 2023 08:13:25 GMT
ETag: W/"b-Ai2R8hgEarLmHKwesT1qcY913ys"
Set-Cookie: _yasc=4xnx9nEmERCLMBEIIj5geTwR32zKkC7rGG5p0bvqBfEqcjX8WX4SPdG2+uI=; domain=.praktikum-services.ru; path=/; expires=Wed, 27-Apr-2033 08:13:25 GMT; secure
X-Powered-By: Express
X-Request-Id: 1682842405125954-13701691402039556651

{
    "ok": true
}
Request method:	DELETE
Request URI:	http://qa-scooter.praktikum-services.ru/api/v1/courier/null
Proxy:			<none>
Request params:	<none>
Query params:	<none>
Form params:	<none>
Path params:	<none>
Headers:		Accept=*/*
				Content-Type=application/json
Cookies:		<none>
Multiparts:		<none>
Body:			<none>
HTTP/1.1 500 Internal Server Error
Access-Control-Allow-Origin: *
Content-Length: 72
Content-Type: application/json; charset=utf-8
Date: Sun, 30 Apr 2023 08:13:25 GMT
ETag: W/"48-76hGKQr04QkaloN76ZVge2UscW4"
Set-Cookie: _yasc=K1b+gcufyT9vhX7xwU6utfAI96pyBqRCUbhdXgzx61GfT9sYQ6/QoKApwUk=; domain=.praktikum-services.ru; path=/; expires=Wed, 27-Apr-2033 08:13:25 GMT; secure
X-Powered-By: Express
X-Request-Id: 1682842405368632-4024494487775428852

{
    "code": 500,
    "message": "invalid input syntax for type integer: \"null\""
}
]]></system-out>
  </testcase>
  <testcase name="courierAuthorizationWithInvalidLogin" classname="scooter.LoginCourierTest" time="0.369">
    <error type="java.lang.NullPointerException">java.lang.NullPointerException
	at scooter.LoginCourierTest.setUp(LoginCourierTest.java:26)
</error>
    <system-out><![CDATA[Request method:	POST
Request URI:	http://qa-scooter.praktikum-services.ru/api/v1/courier
Proxy:			<none>
Request params:	<none>
Query params:	<none>
Form params:	<none>
Path params:	<none>
Headers:		Accept=*/*
				Content-Type=application/json
Cookies:		<none>
Multiparts:		<none>
Body:
{
    "login": "ZEfOMMwXVi",
    "password": "FGjOesSxyo",
    "firstName": "ejvpaKmmkY"
}
HTTP/1.1 201 Created
Access-Control-Allow-Origin: *
Content-Length: 11
Content-Type: application/json; charset=utf-8
Date: Sun, 30 Apr 2023 08:13:25 GMT
ETag: W/"b-Ai2R8hgEarLmHKwesT1qcY913ys"
Set-Cookie: _yasc=EfX+fLGTKSrlan7Kr9dfDF1khu0eryCjZFI4YdHUqHXy+yIujv1zQcJIVVVH; domain=.praktikum-services.ru; path=/; expires=Wed, 27-Apr-2033 08:13:25 GMT; secure
X-Powered-By: Express
X-Request-Id: 1682842405471765-10255391150834835165

{
    "ok": true
}
Request method:	DELETE
Request URI:	http://qa-scooter.praktikum-services.ru/api/v1/courier/null
Proxy:			<none>
Request params:	<none>
Query params:	<none>
Form params:	<none>
Path params:	<none>
Headers:		Accept=*/*
				Content-Type=application/json
Cookies:		<none>
Multiparts:		<none>
Body:			<none>
HTTP/1.1 500 Internal Server Error
Access-Control-Allow-Origin: *
Content-Length: 72
Content-Type: application/json; charset=utf-8
Date: Sun, 30 Apr 2023 08:13:25 GMT
ETag: W/"48-76hGKQr04QkaloN76ZVge2UscW4"
Set-Cookie: _yasc=xg3buNLtWnIOljRftOqnaYEtUqOd4P72JKzkvCdM5Jv5ASH32UrgwjOjsuMr; domain=.praktikum-services.ru; path=/; expires=Wed, 27-Apr-2033 08:13:25 GMT; secure
X-Powered-By: Express
X-Request-Id: 1682842405715980-9984224508063708563

{
    "code": 500,
    "message": "invalid input syntax for type integer: \"null\""
}
]]></system-out>
  </testcase>
</testsuite>